
> academiagpt-frontend@2.0.0 dev
> next dev

▲ Next.js 16.1.6 (Turbopack)
- Local:         http://localhost:3000
- Network:       http://10.255.255.254:3000
- Environments: .env.local

✓ Starting...
✓ Ready in 823ms
⨯ ./app/globals.css
Error evaluating Node.js code
CssSyntaxError: tailwindcss: /home/cjz/AcademiaGPT-V2/frontend/app/globals.css:1:1: Cannot apply unknown utility class `glass-card`
    [at Input.error (turbopack:///[project]/node_modules/postcss/lib/input.js:135:16)]
    [at Root.error (turbopack:///[project]/node_modules/postcss/lib/node.js:146:32)]
    [at Object.Once (/home/cjz/AcademiaGPT-V2/frontend/node_modules/@tailwindcss/postcss/dist/index.js:10:6913)]
    [at async LazyResult.runAsync (turbopack:///[project]/node_modules/postcss/lib/lazy-result.js:293:11)]
    [at async transform (turbopack:///[turbopack-node]/transforms/postcss.ts:70:34)]
    [at async run (turbopack:///[turbopack-node]/ipc/evaluate.ts:92:23)]

Import trace:
  Client Component Browser:
    ./app/globals.css [Client Component Browser]
    ./app/layout.tsx [Server Component]


 GET / 500 in 854ms (compile: 683ms, render: 171ms)
⨯ ./node_modules/next/dist/client/app-index.js:11:34
Module not found: Can't resolve '@swc/helpers/_/_interop_require_default'
Import map: aliased to module '@swc/helpers' with subpath '/_/_interop_require_default' inside of [project]/node_modules/next


Import trace:
  Client Component Browser:
    ./node_modules/next/dist/client/app-index.js
    ./node_modules/next/dist/client/app-next-turbopack.js

https://nextjs.org/docs/messages/module-not-found


⨯ ./node_modules/next/dist/client/components/app-router.js:11:34
Module not found: Can't resolve '@swc/helpers/_/_interop_require_default'
Import map: aliased to module '@swc/helpers' with subpath '/_/_interop_require_default' inside of [project]/node_modules/next


Import trace:
  Client Component Browser:
    ./node_modules/next/dist/client/components/app-router.js
    ./node_modules/next/dist/client/app-index.js
    ./node_modules/next/dist/client/app-next-turbopack.js

https://nextjs.org/docs/messages/module-not-found


⨯ ./node_modules/next/dist/client/components/dev-root-http-access-fallback-boundary.js:24:34
Module not found: Can't resolve '@swc/helpers/_/_interop_require_default'
Import map: aliased to module '@swc/helpers' with subpath '/_/_interop_require_default' inside of [project]/node_modules/next


Import trace:
  Client Component Browser:
    ./node_modules/next/dist/client/components/dev-root-http-access-fallback-boundary.js
    ./node_modules/next/dist/client/components/app-router.js
    ./node_modules/next/dist/client/app-index.js
    ./node_modules/next/dist/client/app-next-turbopack.js

https://nextjs.org/docs/messages/module-not-found


⨯ ./node_modules/next/dist/client/components/error-boundary.js:24:34
Module not found: Can't resolve '@swc/helpers/_/_interop_require_default'
Import map: aliased to module '@swc/helpers' with subpath '/_/_interop_require_default' inside of [project]/node_modules/next


Import trace:
  Client Component Browser:
    ./node_modules/next/dist/client/components/error-boundary.js
    ./node_modules/next/dist/client/react-client-callbacks/error-boundary-callbacks.js
    ./node_modules/next/dist/client/app-index.js
    ./node_modules/next/dist/client/app-next-turbopack.js

https://nextjs.org/docs/messages/module-not-found


⨯ ./node_modules/next/dist/client/components/errors/root-error-boundary.js:12:34
Module not found: Can't resolve '@swc/helpers/_/_interop_require_default'
Import map: aliased to module '@swc/helpers' with subpath '/_/_interop_require_default' inside of [project]/node_modules/next


Import trace:
  Client Component Browser:
    ./node_modules/next/dist/client/components/errors/root-error-boundary.js
    ./node_modules/next/dist/client/components/app-router.js
    ./node_modules/next/dist/client/app-index.js
    ./node_modules/next/dist/client/app-next-turbopack.js

https://nextjs.org/docs/messages/module-not-found


⨯ ./node_modules/next/dist/client/components/layout-router.js:15:34
Module not found: Can't resolve '@swc/helpers/_/_interop_require_default'
Import map: aliased to module '@swc/helpers' with subpath '/_/_interop_require_default' inside of [project]/node_modules/next


Import trace:
  Client Component Browser:
    ./node_modules/next/dist/client/components/layout-router.js [Client Component Browser]
    ./node_modules/next/dist/esm/client/components/layout-router.js [Server Component]
    ./node_modules/next/dist/esm/server/app-render/entry-base.js [Server Component]

https://nextjs.org/docs/messages/module-not-found


⨯ ./node_modules/next/dist/client/dev/hot-reloader/app/hot-reloader-app.js:32:34
Module not found: Can't resolve '@swc/helpers/_/_interop_require_default'
Import map: aliased to module '@swc/helpers' with subpath '/_/_interop_require_default' inside of [project]/node_modules/next


Import trace:
  Client Component Browser:
    ./node_modules/next/dist/client/dev/hot-reloader/app/hot-reloader-app.js
    ./node_modules/next/dist/client/dev/hot-reloader/app/web-socket.js
    ./node_modules/next/dist/client/app-index.js
    ./node_modules/next/dist/client/app-next-turbopack.js

https://nextjs.org/docs/messages/module-not-found


⨯ ./node_modules/next/dist/client/lib/console.js:23:34
Module not found: Can't resolve '@swc/helpers/_/_interop_require_default'
Import map: aliased to module '@swc/helpers' with subpath '/_/_interop_require_default' inside of [project]/node_modules/next


Import trace:
  Client Component Browser:
    ./node_modules/next/dist/client/lib/console.js
    ./node_modules/next/dist/next-devtools/userspace/app/errors/use-error-handler.js
    ./node_modules/next/dist/client/dev/hot-reloader/app/hot-reloader-app.js
    ./node_modules/next/dist/client/components/app-router.js
    ./node_modules/next/dist/client/app-index.js
    ./node_modules/next/dist/client/app-next-turbopack.js

https://nextjs.org/docs/messages/module-not-found


⨯ ./node_modules/next/dist/client/react-client-callbacks/error-boundary-callbacks.js:24:34
Module not found: Can't resolve '@swc/helpers/_/_interop_require_default'
Import map: aliased to module '@swc/helpers' with subpath '/_/_interop_require_default' inside of [project]/node_modules/next


Import trace:
  Client Component Browser:
    ./node_modules/next/dist/client/react-client-callbacks/error-boundary-callbacks.js
    ./node_modules/next/dist/client/app-index.js
    ./node_modules/next/dist/client/app-next-turbopack.js

https://nextjs.org/docs/messages/module-not-found


⨯ ./node_modules/next/dist/client/react-client-callbacks/on-recoverable-error.js:24:34
Module not found: Can't resolve '@swc/helpers/_/_interop_require_default'
Import map: aliased to module '@swc/helpers' with subpath '/_/_interop_require_default' inside of [project]/node_modules/next


Import trace:
  Client Component Browser:
    ./node_modules/next/dist/client/react-client-callbacks/on-recoverable-error.js
    ./node_modules/next/dist/client/app-next-turbopack.js

https://nextjs.org/docs/messages/module-not-found


⨯ ./node_modules/next/dist/next-devtools/userspace/app/app-dev-overlay-error-boundary.js:11:34
Module not found: Can't resolve '@swc/helpers/_/_interop_require_default'
Import map: aliased to module '@swc/helpers' with subpath '/_/_interop_require_default' inside of [project]/node_modules/next


Import trace:
  Client Component Browser:
    ./node_modules/next/dist/next-devtools/userspace/app/app-dev-overlay-error-boundary.js
    ./node_modules/next/dist/next-devtools/userspace/app/client-entry.js
    ./node_modules/next/dist/client/app-index.js
    ./node_modules/next/dist/client/app-next-turbopack.js

https://nextjs.org/docs/messages/module-not-found


⨯ ./node_modules/next/dist/next-devtools/userspace/app/client-entry.js:11:34
Module not found: Can't resolve '@swc/helpers/_/_interop_require_default'
Import map: aliased to module '@swc/helpers' with subpath '/_/_interop_require_default' inside of [project]/node_modules/next


Import trace:
  Client Component Browser:
    ./node_modules/next/dist/next-devtools/userspace/app/client-entry.js
    ./node_modules/next/dist/client/app-index.js
    ./node_modules/next/dist/client/app-next-turbopack.js

https://nextjs.org/docs/messages/module-not-found


⨯ ./node_modules/next/dist/next-devtools/userspace/app/errors/intercept-console-error.js:23:34
Module not found: Can't resolve '@swc/helpers/_/_interop_require_default'
Import map: aliased to module '@swc/helpers' with subpath '/_/_interop_require_default' inside of [project]/node_modules/next


Import trace:
  Client Component Browser:
    ./node_modules/next/dist/next-devtools/userspace/app/errors/intercept-console-error.js
    ./node_modules/next/dist/next-devtools/userspace/app/errors/index.js
    ./node_modules/next/dist/client/react-client-callbacks/error-boundary-callbacks.js
    ./node_modules/next/dist/client/app-index.js
    ./node_modules/next/dist/client/app-next-turbopack.js

https://nextjs.org/docs/messages/module-not-found


⨯ ./node_modules/next/dist/next-devtools/userspace/app/errors/stitched-error.js:35:34
Module not found: Can't resolve '@swc/helpers/_/_interop_require_default'
Import map: aliased to module '@swc/helpers' with subpath '/_/_interop_require_default' inside of [project]/node_modules/next


Import trace:
  Client Component Browser:
    ./node_modules/next/dist/next-devtools/userspace/app/errors/stitched-error.js
    ./node_modules/next/dist/client/app-next-turbopack.js

https://nextjs.org/docs/messages/module-not-found


⨯ ./node_modules/next/dist/next-devtools/userspace/app/errors/use-error-handler.js:31:34
Module not found: Can't resolve '@swc/helpers/_/_interop_require_default'
Import map: aliased to module '@swc/helpers' with subpath '/_/_interop_require_default' inside of [project]/node_modules/next


Import trace:
  Client Component Browser:
    ./node_modules/next/dist/next-devtools/userspace/app/errors/use-error-handler.js
    ./node_modules/next/dist/client/dev/hot-reloader/app/hot-reloader-app.js
    ./node_modules/next/dist/client/components/app-router.js
    ./node_modules/next/dist/client/app-index.js
    ./node_modules/next/dist/client/app-next-turbopack.js

https://nextjs.org/docs/messages/module-not-found


⨯ ./node_modules/next/dist/shared/lib/app-router-context.shared-runtime.js:36:34
Module not found: Can't resolve '@swc/helpers/_/_interop_require_default'
Import map: aliased to module '@swc/helpers' with subpath '/_/_interop_require_default' inside of [project]/node_modules/next


Import trace:
  Client Component Browser:
    ./node_modules/next/dist/shared/lib/app-router-context.shared-runtime.js
    ./node_modules/next/dist/client/app-index.js
    ./node_modules/next/dist/client/app-next-turbopack.js

https://nextjs.org/docs/messages/module-not-found


⨯ ./node_modules/next/dist/shared/lib/format-webpack-messages.js:33:34
Module not found: Can't resolve '@swc/helpers/_/_interop_require_default'
Import map: aliased to module '@swc/helpers' with subpath '/_/_interop_require_default' inside of [project]/node_modules/next


Import trace:
  Client Component Browser:
    ./node_modules/next/dist/shared/lib/format-webpack-messages.js
    ./node_modules/next/dist/client/dev/hot-reloader/app/hot-reloader-app.js
    ./node_modules/next/dist/client/dev/hot-reloader/app/web-socket.js
    ./node_modules/next/dist/client/app-index.js
    ./node_modules/next/dist/client/app-next-turbopack.js

https://nextjs.org/docs/messages/module-not-found


⨯ ./node_modules/next/dist/shared/lib/head-manager-context.shared-runtime.js:11:34
Module not found: Can't resolve '@swc/helpers/_/_interop_require_default'
Import map: aliased to module '@swc/helpers' with subpath '/_/_interop_require_default' inside of [project]/node_modules/next


Import trace:
  Client Component Browser:
    ./node_modules/next/dist/shared/lib/head-manager-context.shared-runtime.js
    ./node_modules/next/dist/client/app-index.js
    ./node_modules/next/dist/client/app-next-turbopack.js

https://nextjs.org/docs/messages/module-not-found


⨯ ./node_modules/next/dist/client/components/app-router.js:12:35
Module not found: Can't resolve '@swc/helpers/_/_interop_require_wildcard'
Import map: aliased to module '@swc/helpers' with subpath '/_/_interop_require_wildcard' inside of [project]/node_modules/next


Import trace:
  Client Component Browser:
    ./node_modules/next/dist/client/components/app-router.js
    ./node_modules/next/dist/client/app-index.js
    ./node_modules/next/dist/client/app-next-turbopack.js

https://nextjs.org/docs/messages/module-not-found


⨯ ./node_modules/next/dist/client/components/http-access-fallback/error-boundary.js:12:35
Module not found: Can't resolve '@swc/helpers/_/_interop_require_wildcard'
Import map: aliased to module '@swc/helpers' with subpath '/_/_interop_require_wildcard' inside of [project]/node_modules/next


Import trace:
  Client Component Browser:
    ./node_modules/next/dist/client/components/http-access-fallback/error-boundary.js
    ./node_modules/next/dist/client/components/dev-root-http-access-fallback-boundary.js
    ./node_modules/next/dist/client/components/app-router.js
    ./node_modules/next/dist/client/app-index.js
    ./node_modules/next/dist/client/app-next-turbopack.js

https://nextjs.org/docs/messages/module-not-found


⨯ ./node_modules/next/dist/client/components/layout-router.js:16:35
Module not found: Can't resolve '@swc/helpers/_/_interop_require_wildcard'
Import map: aliased to module '@swc/helpers' with subpath '/_/_interop_require_wildcard' inside of [project]/node_modules/next


Import trace:
  Client Component Browser:
    ./node_modules/next/dist/client/components/layout-router.js [Client Component Browser]
    ./node_modules/next/dist/esm/client/components/layout-router.js [Server Component]
    ./node_modules/next/dist/esm/server/app-render/entry-base.js [Server Component]

https://nextjs.org/docs/messages/module-not-found


⨯ ./node_modules/next/dist/client/components/navigation.js:85:35
Module not found: Can't resolve '@swc/helpers/_/_interop_require_wildcard'
Import map: aliased to module '@swc/helpers' with subpath '/_/_interop_require_wildcard' inside of [project]/node_modules/next


Import trace:
  Client Component Browser:
    ./node_modules/next/dist/client/components/navigation.js
    ./node_modules/next/dist/client/components/redirect-boundary.js
    ./node_modules/next/dist/client/components/app-router.js
    ./node_modules/next/dist/client/app-index.js
    ./node_modules/next/dist/client/app-next-turbopack.js

https://nextjs.org/docs/messages/module-not-found


⨯ ./node_modules/next/dist/client/components/redirect-boundary.js:24:35
Module not found: Can't resolve '@swc/helpers/_/_interop_require_wildcard'
Import map: aliased to module '@swc/helpers' with subpath '/_/_interop_require_wildcard' inside of [project]/node_modules/next


Import trace:
  Client Component Browser:
    ./node_modules/next/dist/client/components/redirect-boundary.js
    ./node_modules/next/dist/client/components/app-router.js
    ./node_modules/next/dist/client/app-index.js
    ./node_modules/next/dist/client/app-next-turbopack.js

https://nextjs.org/docs/messages/module-not-found


⨯ ./node_modules/next/dist/client/components/render-from-template-context.js:12:35
Module not found: Can't resolve '@swc/helpers/_/_interop_require_wildcard'
Import map: aliased to module '@swc/helpers' with subpath '/_/_interop_require_wildcard' inside of [project]/node_modules/next


Import trace:
  Client Component Browser:
    ./node_modules/next/dist/client/components/render-from-template-context.js [Client Component Browser]
    ./node_modules/next/dist/esm/client/components/render-from-template-context.js [Server Component]
    ./node_modules/next/dist/esm/server/app-render/entry-base.js [Server Component]

https://nextjs.org/docs/messages/module-not-found


⨯ ./node_modules/next/dist/client/components/use-action-queue.js:23:35
Module not found: Can't resolve '@swc/helpers/_/_interop_require_wildcard'
Import map: aliased to module '@swc/helpers' with subpath '/_/_interop_require_wildcard' inside of [project]/node_modules/next


Import trace:
  Client Component Browser:
    ./node_modules/next/dist/client/components/use-action-queue.js
    ./node_modules/next/dist/client/components/app-router-instance.js
    ./node_modules/next/dist/client/app-index.js
    ./node_modules/next/dist/client/app-next-turbopack.js

https://nextjs.org/docs/messages/module-not-found


⨯ ./node_modules/next/dist/shared/lib/server-inserted-html.shared-runtime.js:24:35
Module not found: Can't resolve '@swc/helpers/_/_interop_require_wildcard'
Import map: aliased to module '@swc/helpers' with subpath '/_/_interop_require_wildcard' inside of [project]/node_modules/next


Import trace:
  Client Component Browser:
    ./node_modules/next/dist/shared/lib/server-inserted-html.shared-runtime.js
    ./node_modules/next/dist/client/components/navigation.js
    ./node_modules/next/dist/client/components/redirect-boundary.js
    ./node_modules/next/dist/client/components/app-router.js
    ./node_modules/next/dist/client/app-index.js
    ./node_modules/next/dist/client/app-next-turbopack.js

https://nextjs.org/docs/messages/module-not-found


Error: Cannot find module 'next/dist/compiled/babel/code-frame'
Require stack:
- /home/cjz/AcademiaGPT-V2/frontend/node_modules/next/dist/shared/lib/turbopack/utils.js
- /home/cjz/AcademiaGPT-V2/frontend/node_modules/next/dist/build/utils.js
- /home/cjz/AcademiaGPT-V2/frontend/node_modules/next/dist/build/swc/options.js
- /home/cjz/AcademiaGPT-V2/frontend/node_modules/next/dist/build/swc/index.js
- /home/cjz/AcademiaGPT-V2/frontend/node_modules/next/dist/build/next-config-ts/transpile-config.js
- /home/cjz/AcademiaGPT-V2/frontend/node_modules/next/dist/server/config.js
- /home/cjz/AcademiaGPT-V2/frontend/node_modules/next/dist/server/next.js
- /home/cjz/AcademiaGPT-V2/frontend/node_modules/next/dist/server/lib/start-server.js
    at ignore-listed frames {
  code: 'MODULE_NOT_FOUND',
  requireStack: [Array]
}
[?25h
